#
# A fatal error has been detected by the Java Runtime Environment:
#
#  EXCEPTION_ACCESS_VIOLATION (0xc0000005) at pc=0x0000000067522910, pid=7620, tid=0x0000000000002f48
#
# JRE version: Java(TM) SE Runtime Environment (8.0_111-b14) (build 1.8.0_111-b14)
# Java VM: Java HotSpot(TM) 64-Bit Server VM (25.111-b14 mixed mode windows-amd64 compressed oops)
# Problematic frame:
# C  [nvoglv64.DLL+0x15c2910]
#
# Failed to write core dump. Minidumps are not enabled by default on client versions of Windows
#
# If you would like to submit a bug report, please visit:
#   http://bugreport.java.com/bugreport/crash.jsp
# The crash happened outside the Java Virtual Machine in native code.
# See problematic frame for where to report the bug.
#

---------------  T H R E A D  ---------------

Current thread (0x0000000018d4c800):  JavaThread "Game" [_thread_in_native, id=12104, stack(0x0000000019210000,0x0000000019310000)]

siginfo: ExceptionCode=0xc0000005, reading address 0x0000000000000000

Registers:
RAX=0x0000000000000090, RBX=0x000000001a713080, RCX=0x000000001ab906c0, RDX=0xffffffffe546f940
RSP=0x000000001930ed58, RBP=0x0000000000000090, RSI=0x0000000000000024, RDI=0x00000000000000b0
R8 =0x0000000000000090, R9 =0x0000000000000004, R10=0x0000000000000000, R11=0x000000001ab906c0
R12=0x0000000000000000, R13=0x0000000016f09990, R14=0x0000000000001405, R15=0x0000000000000004
RIP=0x0000000067522910, EFLAGS=0x0000000000010213

Top of Stack: (sp=0x000000001930ed58)
0x000000001930ed58:   00000000666f6ddb 000000000269835d
0x000000001930ed68:   00000000026a5b26 0000000018d4c800
0x000000001930ed78:   0000000018d4c800 0000000018d4c800
0x000000001930ed88:   000000001930ee78 0000000000000000
0x000000001930ed98:   00000000026a5c94 000000001930ee30
0x000000001930eda8:   000000000269835d 0000000016f09990
0x000000001930edb8:   0000000000000010 00000000000003e8
0x000000001930edc8:   0000000000000000 00000000000003e8
0x000000001930edd8:   0000000018d4c800 000000001930eef8
0x000000001930ede8:   00000000026a59c2 000000001930edf0
0x000000001930edf8:   0000000016f09990 000000001930ee78
0x000000001930ee08:   0000000016f0bab8 0000000000000000
0x000000001930ee18:   0000000016f09990 0000000000000000
0x000000001930ee28:   000000001930ee50 000000001930eec0
0x000000001930ee38:   000000000269835d 00000000ddcd3e58
0x000000001930ee48:   00000000026a19d8 00000000000003e8 

Instructions: (pc=0x0000000067522910)
0x00000000675228f0:   52 07 49 8b c3 c3 f3 0f 6f 02 f3 41 0f 7f 02 49
0x0000000067522900:   8b c3 c3 66 66 66 66 66 0f 1f 84 00 00 00 00 00
0x0000000067522910:   48 8b 04 0a 4c 8b 54 0a 08 48 83 c1 20 48 89 41
0x0000000067522920:   e0 4c 89 51 e8 48 8b 44 0a f0 4c 8b 54 0a f8 49 


Register to memory mapping:

RAX=0x0000000000000090 is an unknown value
RBX=0x000000001a713080 is an unknown value
RCX=0x000000001ab906c0 is an unknown value
RDX=0xffffffffe546f940 is an unknown value
RSP=0x000000001930ed58 is pointing into the stack for thread: 0x0000000018d4c800
RBP=0x0000000000000090 is an unknown value
RSI=0x0000000000000024 is an unknown value
RDI=0x00000000000000b0 is an unknown value
R8 =0x0000000000000090 is an unknown value
R9 =0x0000000000000004 is an unknown value
R10=0x0000000000000000 is an unknown value
R11=0x000000001ab906c0 is an unknown value
R12=0x0000000000000000 is an unknown value
R13={method} {0x0000000016f09998} 'nglDrawElementsInstanced' '(IIIJI)V' in 'org/lwjgl/opengl/GL31'
R14=0x0000000000001405 is an unknown value
R15=0x0000000000000004 is an unknown value


Stack: [0x0000000019210000,0x0000000019310000],  sp=0x000000001930ed58,  free space=1019k
Native frames: (J=compiled Java code, j=interpreted, Vv=VM code, C=native code)
C  [nvoglv64.DLL+0x15c2910]
C  [nvoglv64.DLL+0x796ddb]
C  0x00000000026a5c94

Java frames: (J=compiled Java code, j=interpreted, Vv=VM code)
j  org.lwjgl.opengl.GL31.nglDrawElementsInstanced(IIIJI)V+0
j  org.lwjgl.opengl.GL31.glDrawElementsInstanced(IIIJI)V+6
j  renderEngine.InstanceRenderer.render(Ljava/util/Map;Lentities/Camera3D;Ljava/util/List;)V+197
j  renderEngine.MasterRenderer.render(Ljava/util/List;Lentities/Camera3D;)V+76
j  scenes.Scene.loop()V+275
j  game.Game.loop()V+101
j  game.Game.run()V+11
j  java.lang.Thread.run()V+11
v  ~StubRoutines::call_stub

---------------  P R O C E S S  ---------------

Java Threads: ( => current thread )
  0x000000001976a000 JavaThread "Force Calculator" daemon [_thread_in_Java, id=11388, stack(0x000000001fd60000,0x000000001fe60000)]
  0x0000000019559000 JavaThread "Collision Detector" daemon [_thread_in_Java, id=5212, stack(0x000000001fc60000,0x000000001fd60000)]
  0x0000000002590800 JavaThread "DestroyJavaVM" [_thread_blocked, id=9792, stack(0x0000000000ce0000,0x0000000000de0000)]
=>0x0000000018d4c800 JavaThread "Game" [_thread_in_native, id=12104, stack(0x0000000019210000,0x0000000019310000)]
  0x0000000018c38800 JavaThread "Service Thread" daemon [_thread_blocked, id=6856, stack(0x0000000019010000,0x0000000019110000)]
  0x00000000172bb000 JavaThread "C1 CompilerThread2" daemon [_thread_blocked, id=3012, stack(0x0000000018b10000,0x0000000018c10000)]
  0x00000000172b2800 JavaThread "C2 CompilerThread1" daemon [_thread_blocked, id=6280, stack(0x0000000018a10000,0x0000000018b10000)]
  0x00000000172b0800 JavaThread "C2 CompilerThread0" daemon [_thread_blocked, id=11536, stack(0x0000000018910000,0x0000000018a10000)]
  0x00000000172ad800 JavaThread "Attach Listener" daemon [_thread_blocked, id=8304, stack(0x0000000018810000,0x0000000018910000)]
  0x00000000172ac000 JavaThread "Signal Dispatcher" daemon [_thread_blocked, id=6792, stack(0x0000000018710000,0x0000000018810000)]
  0x000000001729a000 JavaThread "Finalizer" daemon [_thread_blocked, id=9188, stack(0x0000000018510000,0x0000000018610000)]
  0x000000000267f000 JavaThread "Reference Handler" daemon [_thread_blocked, id=10088, stack(0x0000000018410000,0x0000000018510000)]

Other Threads:
  0x0000000017277000 VMThread [stack: 0x0000000018310000,0x0000000018410000] [id=7272]
  0x0000000018c56800 WatcherThread [stack: 0x0000000019110000,0x0000000019210000] [id=10440]

VM state:not at safepoint (normal execution)

VM Mutex/Monitor currently owned by a thread: None

Heap:
 PSYoungGen      total 138240K, used 122981K [0x00000000d5580000, 0x00000000de180000, 0x0000000100000000)
  eden space 133120K, 90% used [0x00000000d5580000,0x00000000dcb192b0,0x00000000dd780000)
  from space 5120K, 50% used [0x00000000ddc80000,0x00000000ddf00420,0x00000000de180000)
  to   space 5120K, 0% used [0x00000000dd780000,0x00000000dd780000,0x00000000ddc80000)
 ParOldGen       total 87552K, used 185K [0x0000000080000000, 0x0000000085580000, 0x00000000d5580000)
  object space 87552K, 0% used [0x0000000080000000,0x000000008002e6b0,0x0000000085580000)
 Metaspace       used 10788K, capacity 11003K, committed 11264K, reserved 1058816K
  class space    used 930K, capacity 1014K, committed 1024K, reserved 1048576K

Card table byte_map: [0x0000000011a50000,0x0000000011e60000] byte_map_base: 0x0000000011650000

Marking Bits: (ParMarkBitMap*) 0x0000000068aea6c0
 Begin Bits: [0x0000000012510000, 0x0000000014510000)
 End Bits:   [0x0000000014510000, 0x0000000016510000)

Polling page: 0x0000000000b90000

CodeCache: size=245760Kb used=4712Kb max_used=4712Kb free=241047Kb
 bounds [0x0000000002690000, 0x0000000002b30000, 0x0000000011690000]
 total_blobs=2140 nmethods=1248 adapters=806
 compilation: enabled

Compilation events (10 events):
Event: 6.558 Thread 0x00000000172bb000 1247       3       org.joml.Matrix4f::m22 (5 bytes)
Event: 6.558 Thread 0x00000000172bb000 nmethod 1247 0x0000000002b2ba50 code [0x0000000002b2bba0, 0x0000000002b2bcf0]
Event: 6.558 Thread 0x00000000172bb000 1248       3       org.joml.Matrix4f::m30 (5 bytes)
Event: 6.558 Thread 0x00000000172bb000 nmethod 1248 0x0000000002b2bd90 code [0x0000000002b2bee0, 0x0000000002b2c030]
Event: 6.558 Thread 0x00000000172bb000 1249       3       org.joml.Matrix4f::m31 (5 bytes)
Event: 6.558 Thread 0x00000000172bb000 nmethod 1249 0x0000000002b2c0d0 code [0x0000000002b2c220, 0x0000000002b2c370]
Event: 6.558 Thread 0x00000000172bb000 1250       3       org.joml.Matrix4f::m32 (5 bytes)
Event: 6.558 Thread 0x00000000172bb000 nmethod 1250 0x0000000002b2c410 code [0x0000000002b2c560, 0x0000000002b2c6b0]
Event: 6.558 Thread 0x00000000172bb000 1251       3       org.joml.Matrix4f::m33 (5 bytes)
Event: 6.558 Thread 0x00000000172bb000 nmethod 1251 0x0000000002b2c750 code [0x0000000002b2c8a0, 0x0000000002b2c9f0]

GC Heap History (10 events):
Event: 1.822 GC heap before
{Heap before GC invocations=2 (full 0):
 PSYoungGen      total 38400K, used 37620K [0x00000000d5580000, 0x00000000d8000000, 0x0000000100000000)
  eden space 33280K, 100% used [0x00000000d5580000,0x00000000d7600000,0x00000000d7600000)
  from space 5120K, 84% used [0x00000000d7600000,0x00000000d7a3d008,0x00000000d7b00000)
  to   space 5120K, 0% used [0x00000000d7b00000,0x00000000d7b00000,0x00000000d8000000)
 ParOldGen       total 87552K, used 144K [0x0000000080000000, 0x0000000085580000, 0x00000000d5580000)
  object space 87552K, 0% used [0x0000000080000000,0x0000000080024010,0x0000000085580000)
 Metaspace       used 9345K, capacity 9559K, committed 9728K, reserved 1058816K
  class space    used 853K, capacity 940K, committed 1024K, reserved 1048576K
Event: 1.827 GC heap after
Heap after GC invocations=2 (full 0):
 PSYoungGen      total 38400K, used 4325K [0x00000000d5580000, 0x00000000da080000, 0x0000000100000000)
  eden space 33280K, 0% used [0x00000000d5580000,0x00000000d5580000,0x00000000d7600000)
  from space 5120K, 84% used [0x00000000d7b00000,0x00000000d7f39670,0x00000000d8000000)
  to   space 5120K, 0% used [0x00000000d7600000,0x00000000d7600000,0x00000000d7b00000)
 ParOldGen       total 87552K, used 152K [0x0000000080000000, 0x0000000085580000, 0x00000000d5580000)
  object space 87552K, 0% used [0x0000000080000000,0x0000000080026010,0x0000000085580000)
 Metaspace       used 9345K, capacity 9559K, committed 9728K, reserved 1058816K
  class space    used 853K, capacity 940K, committed 1024K, reserved 1048576K
}
Event: 3.654 GC heap before
{Heap before GC invocations=3 (full 0):
 PSYoungGen      total 38400K, used 37605K [0x00000000d5580000, 0x00000000da080000, 0x0000000100000000)
  eden space 33280K, 100% used [0x00000000d5580000,0x00000000d7600000,0x00000000d7600000)
  from space 5120K, 84% used [0x00000000d7b00000,0x00000000d7f39670,0x00000000d8000000)
  to   space 5120K, 0% used [0x00000000d7600000,0x00000000d7600000,0x00000000d7b00000)
 ParOldGen       total 87552K, used 152K [0x0000000080000000, 0x0000000085580000, 0x00000000d5580000)
  object space 87552K, 0% used [0x0000000080000000,0x0000000080026010,0x0000000085580000)
 Metaspace       used 9462K, capacity 9623K, committed 9728K, reserved 1058816K
  class space    used 861K, capacity 940K, committed 1024K, reserved 1048576K
Event: 3.657 GC heap after
Heap after GC invocations=3 (full 0):
 PSYoungGen      total 38400K, used 2193K [0x00000000d5580000, 0x00000000da080000, 0x0000000100000000)
  eden space 33280K, 0% used [0x00000000d5580000,0x00000000d5580000,0x00000000d7600000)
  from space 5120K, 42% used [0x00000000d7600000,0x00000000d7824410,0x00000000d7b00000)
  to   space 5120K, 0% used [0x00000000d9b80000,0x00000000d9b80000,0x00000000da080000)
 ParOldGen       total 87552K, used 160K [0x0000000080000000, 0x0000000085580000, 0x00000000d5580000)
  object space 87552K, 0% used [0x0000000080000000,0x0000000080028010,0x0000000085580000)
 Metaspace       used 9462K, capacity 9623K, committed 9728K, reserved 1058816K
  class space    used 861K, capacity 940K, committed 1024K, reserved 1048576K
}
Event: 3.921 GC heap before
{Heap before GC invocations=4 (full 0):
 PSYoungGen      total 38400K, used 35473K [0x00000000d5580000, 0x00000000da080000, 0x0000000100000000)
  eden space 33280K, 100% used [0x00000000d5580000,0x00000000d7600000,0x00000000d7600000)
  from space 5120K, 42% used [0x00000000d7600000,0x00000000d7824410,0x00000000d7b00000)
  to   space 5120K, 0% used [0x00000000d9b80000,0x00000000d9b80000,0x00000000da080000)
 ParOldGen       total 87552K, used 160K [0x0000000080000000, 0x0000000085580000, 0x00000000d5580000)
  object space 87552K, 0% used [0x0000000080000000,0x0000000080028010,0x0000000085580000)
 Metaspace       used 9502K, capacity 9687K, committed 9984K, reserved 1058816K
  class space    used 861K, capacity 940K, committed 1024K, reserved 1048576K
Event: 3.925 GC heap after
Heap after GC invocations=4 (full 0):
 PSYoungGen      total 71680K, used 2368K [0x00000000d5580000, 0x00000000da080000, 0x0000000100000000)
  eden space 66560K, 0% used [0x00000000d5580000,0x00000000d5580000,0x00000000d9680000)
  from space 5120K, 46% used [0x00000000d9b80000,0x00000000d9dd0000,0x00000000da080000)
  to   space 5120K, 0% used [0x00000000d9680000,0x00000000d9680000,0x00000000d9b80000)
 ParOldGen       total 87552K, used 168K [0x0000000080000000, 0x0000000085580000, 0x00000000d5580000)
  object space 87552K, 0% used [0x0000000080000000,0x000000008002a010,0x0000000085580000)
 Metaspace       used 9502K, capacity 9687K, committed 9984K, reserved 1058816K
  class space    used 861K, capacity 940K, committed 1024K, reserved 1048576K
}
Event: 4.437 GC heap before
{Heap before GC invocations=5 (full 0):
 PSYoungGen      total 71680K, used 68928K [0x00000000d5580000, 0x00000000da080000, 0x0000000100000000)
  eden space 66560K, 100% used [0x00000000d5580000,0x00000000d9680000,0x00000000d9680000)
  from space 5120K, 46% used [0x00000000d9b80000,0x00000000d9dd0000,0x00000000da080000)
  to   space 5120K, 0% used [0x00000000d9680000,0x00000000d9680000,0x00000000d9b80000)
 ParOldGen       total 87552K, used 169K [0x0000000080000000, 0x0000000085580000, 0x00000000d5580000)
  object space 87552K, 0% used [0x0000000080000000,0x000000008002a6b0,0x0000000085580000)
 Metaspace       used 9556K, capacity 9783K, committed 9984K, reserved 1058816K
  class space    used 867K, capacity 972K, committed 1024K, reserved 1048576K
Event: 4.442 GC heap after
Heap after GC invocations=5 (full 0):
 PSYoungGen      total 71680K, used 2592K [0x00000000d5580000, 0x00000000de180000, 0x0000000100000000)
  eden space 66560K, 0% used [0x00000000d5580000,0x00000000d5580000,0x00000000d9680000)
  from space 5120K, 50% used [0x00000000d9680000,0x00000000d9908020,0x00000000d9b80000)
  to   space 5120K, 0% used [0x00000000ddc80000,0x00000000ddc80000,0x00000000de180000)
 ParOldGen       total 87552K, used 177K [0x0000000080000000, 0x0000000085580000, 0x00000000d5580000)
  object space 87552K, 0% used [0x0000000080000000,0x000000008002c6b0,0x0000000085580000)
 Metaspace       used 9556K, capacity 9783K, committed 9984K, reserved 1058816K
  class space    used 867K, capacity 972K, committed 1024K, reserved 1048576K
}
Event: 4.442 GC heap before
{Heap before GC invocations=6 (full 0):
 PSYoungGen      total 71680K, used 2942K [0x00000000d5580000, 0x00000000de180000, 0x0000000100000000)
  eden space 66560K, 0% used [0x00000000d5580000,0x00000000d55d7820,0x00000000d9680000)
  from space 5120K, 50% used [0x00000000d9680000,0x00000000d9908020,0x00000000d9b80000)
  to   space 5120K, 0% used [0x00000000ddc80000,0x00000000ddc80000,0x00000000de180000)
 ParOldGen       total 87552K, used 177K [0x0000000080000000, 0x0000000085580000, 0x00000000d5580000)
  object space 87552K, 0% used [0x0000000080000000,0x000000008002c6b0,0x0000000085580000)
 Metaspace       used 9556K, capacity 9783K, committed 9984K, reserved 1058816K
  class space    used 867K, capacity 972K, committed 1024K, reserved 1048576K
Event: 4.446 GC heap after
Heap after GC invocations=6 (full 0):
 PSYoungGen      total 138240K, used 2561K [0x00000000d5580000, 0x00000000de180000, 0x0000000100000000)
  eden space 133120K, 0% used [0x00000000d5580000,0x00000000d5580000,0x00000000dd780000)
  from space 5120K, 50% used [0x00000000ddc80000,0x00000000ddf00420,0x00000000de180000)
  to   space 5120K, 0% used [0x00000000dd780000,0x00000000dd780000,0x00000000ddc80000)
 ParOldGen       total 87552K, used 185K [0x0000000080000000, 0x0000000085580000, 0x00000000d5580000)
  object space 87552K, 0% used [0x0000000080000000,0x000000008002e6b0,0x0000000085580000)
 Metaspace       used 9556K, capacity 9783K, committed 9984K, reserved 1058816K
  class space    used 867K, capacity 972K, committed 1024K, reserved 1048576K
}

Deoptimization events (10 events):
Event: 3.495 Thread 0x0000000018d4c800 Uncommon trap: reason=unreached action=reinterpret pc=0x0000000002a0348c method=renderEngine.OBJLoader.loadObjModel(Ljava/lang/String;LrenderEngine/Loader;)Lmodels/RawModel; @ 738
Event: 3.497 Thread 0x0000000018d4c800 Uncommon trap: reason=unstable_if action=reinterpret pc=0x00000000029b709c method=java.util.ArrayList$Itr.hasNext()Z @ 11
Event: 4.409 Thread 0x000000001976a000 Uncommon trap: reason=unstable_if action=reinterpret pc=0x0000000002a78c50 method=java.util.Hashtable.get(Ljava/lang/Object;)Ljava/lang/Object; @ 27
Event: 4.409 Thread 0x000000001976a000 Uncommon trap: reason=unstable_if action=reinterpret pc=0x0000000002a7b370 method=java.util.Hashtable.get(Ljava/lang/Object;)Ljava/lang/Object; @ 27
Event: 4.454 Thread 0x0000000018d4c800 Uncommon trap: reason=unstable_if action=reinterpret pc=0x00000000029cfc74 method=java.lang.String.split(Ljava/lang/String;I)[Ljava/lang/String; @ 207
Event: 4.455 Thread 0x0000000018d4c800 Uncommon trap: reason=unstable_if action=reinterpret pc=0x00000000029d3064 method=java.lang.Integer.parseInt(Ljava/lang/String;I)I @ 122
Event: 5.569 Thread 0x0000000018d4c800 Uncommon trap: reason=unstable_if action=reinterpret pc=0x0000000002a36cac method=de.matthiasmann.twl.utils.PNGDecoder.copyPALtoRGBA(Ljava/nio/ByteBuffer;[B)V @ 4
Event: 6.409 Thread 0x0000000018d4c800 Uncommon trap: reason=unstable_if action=reinterpret pc=0x0000000002b15814 method=gui.Button.isMouseOver()Z @ 128
Event: 6.409 Thread 0x0000000018d4c800 Uncommon trap: reason=unstable_if action=reinterpret pc=0x0000000002b17c50 method=gui.Button.isMouseOver()Z @ 128
Event: 6.547 Thread 0x0000000018d4c800 Uncommon trap: reason=unstable_if action=reinterpret pc=0x00000000029a831c method=sun.misc.FloatingDecimal$ASCIIToBinaryBuffer.floatValue()F @ 70

Internal exceptions (10 events):
Event: 0.046 Thread 0x0000000002590800 Exception <a 'java/lang/NoSuchMethodError': Method sun.misc.Unsafe.prefetchRead(Ljava/lang/Object;J)V name or signature does not match> (0x00000000d5587f60) thrown at [C:\re\workspace\8-2-build-windows-amd64-cygwin\jdk8u111\7883\hotspot\src\share\vm\prims
Event: 0.150 Thread 0x0000000018d4c800 Exception <a 'java/security/PrivilegedActionException'> (0x00000000d587e578) thrown at [C:\re\workspace\8-2-build-windows-amd64-cygwin\jdk8u111\7883\hotspot\src\share\vm\prims\jvm.cpp, line 1386]
Event: 0.150 Thread 0x0000000018d4c800 Exception <a 'java/security/PrivilegedActionException'> (0x00000000d587e788) thrown at [C:\re\workspace\8-2-build-windows-amd64-cygwin\jdk8u111\7883\hotspot\src\share\vm\prims\jvm.cpp, line 1386]
Event: 0.151 Thread 0x0000000018d4c800 Exception <a 'java/security/PrivilegedActionException'> (0x00000000d58823d0) thrown at [C:\re\workspace\8-2-build-windows-amd64-cygwin\jdk8u111\7883\hotspot\src\share\vm\prims\jvm.cpp, line 1386]
Event: 0.151 Thread 0x0000000018d4c800 Exception <a 'java/security/PrivilegedActionException'> (0x00000000d58825e0) thrown at [C:\re\workspace\8-2-build-windows-amd64-cygwin\jdk8u111\7883\hotspot\src\share\vm\prims\jvm.cpp, line 1386]
Event: 0.188 Thread 0x0000000018d4c800 Exception <a 'java/lang/NoSuchMethodError': java.lang.Object.lambda$static$0(Ljava/lang/String;)Ljava/lang/Boolean;> (0x00000000d592d5d8) thrown at [C:\re\workspace\8-2-build-windows-amd64-cygwin\jdk8u111\7883\hotspot\src\share\vm\interpreter\linkResolver
Event: 0.205 Thread 0x0000000018d4c800 Exception <a 'java/lang/NoSuchFieldError': method resolution failed> (0x00000000d59a53f8) thrown at [C:\re\workspace\8-2-build-windows-amd64-cygwin\jdk8u111\7883\hotspot\src\share\vm\prims\methodHandles.cpp, line 1146]
Event: 0.207 Thread 0x0000000018d4c800 Exception <a 'java/lang/NoSuchFieldError': method resolution failed> (0x00000000d59b27f8) thrown at [C:\re\workspace\8-2-build-windows-amd64-cygwin\jdk8u111\7883\hotspot\src\share\vm\prims\methodHandles.cpp, line 1146]
Event: 1.303 Thread 0x0000000018d4c800 Exception <a 'sun/nio/fs/WindowsException'> (0x00000000d5ca2ff8) thrown at [C:\re\workspace\8-2-build-windows-amd64-cygwin\jdk8u111\7883\hotspot\src\share\vm\prims\jni.cpp, line 709]
Event: 1.303 Thread 0x0000000018d4c800 Exception <a 'sun/nio/fs/WindowsException'> (0x00000000d5ca37d8) thrown at [C:\re\workspace\8-2-build-windows-amd64-cygwin\jdk8u111\7883\hotspot\src\share\vm\prims\jni.cpp, line 709]

Events (10 events):
Event: 5.687 loading class utils/Maths done
Event: 6.409 Thread 0x0000000018d4c800 Uncommon trap: trap_request=0xffffff65 fr.pc=0x0000000002b15814
Event: 6.409 Thread 0x0000000018d4c800 DEOPT PACKING pc=0x0000000002b15814 sp=0x000000001930eef0
Event: 6.409 Thread 0x0000000018d4c800 DEOPT UNPACKING pc=0x00000000026d582a sp=0x000000001930ee38 mode 2
Event: 6.409 Thread 0x0000000018d4c800 Uncommon trap: trap_request=0xffffff65 fr.pc=0x0000000002b17c50
Event: 6.409 Thread 0x0000000018d4c800 DEOPT PACKING pc=0x0000000002b17c50 sp=0x000000001930edd0
Event: 6.409 Thread 0x0000000018d4c800 DEOPT UNPACKING pc=0x00000000026d582a sp=0x000000001930ed70 mode 2
Event: 6.547 Thread 0x0000000018d4c800 Uncommon trap: trap_request=0xffffff65 fr.pc=0x00000000029a831c
Event: 6.547 Thread 0x0000000018d4c800 DEOPT PACKING pc=0x00000000029a831c sp=0x000000001930eb20
Event: 6.547 Thread 0x0000000018d4c800 DEOPT UNPACKING pc=0x00000000026d582a sp=0x000000001930ea30 mode 2


Dynamic libraries:
0x00007ff7f1f20000 - 0x00007ff7f1f57000 	C:\Program Files\Java\jre1.8.0_111\bin\javaw.exe
0x00007ffe3ad70000 - 0x00007ffe3af41000 	C:\Windows\SYSTEM32\ntdll.dll
0x00007ffe38970000 - 0x00007ffe38a1c000 	C:\Windows\System32\KERNEL32.DLL
0x00007ffe20b30000 - 0x00007ffe20b63000 	C:\Program Files (x86)\AVG\Antivirus\x64\aswhooka.dll
0x00007ffe37c00000 - 0x00007ffe37e1d000 	C:\Windows\System32\KERNELBASE.dll
0x00007ffe38380000 - 0x00007ffe38422000 	C:\Windows\System32\ADVAPI32.dll
0x00007ffe3a350000 - 0x00007ffe3a3ee000 	C:\Windows\System32\msvcrt.dll
0x00007ffe3a130000 - 0x00007ffe3a189000 	C:\Windows\System32\sechost.dll
0x00007ffe38840000 - 0x00007ffe38961000 	C:\Windows\System32\RPCRT4.dll
0x00007ffe3a9a0000 - 0x00007ffe3ab05000 	C:\Windows\System32\USER32.dll
0x00007ffe38180000 - 0x00007ffe3819e000 	C:\Windows\System32\win32u.dll
0x00007ffe3ab10000 - 0x00007ffe3ab44000 	C:\Windows\System32\GDI32.dll
0x00007ffe37e20000 - 0x00007ffe37fa2000 	C:\Windows\System32\gdi32full.dll
0x00007ffe2d030000 - 0x00007ffe2d2aa000 	C:\Windows\WinSxS\amd64_microsoft.windows.common-controls_6595b64144ccf1df_6.0.14393.953_none_42151e83c686086b\COMCTL32.dll
0x00007ffe38570000 - 0x00007ffe38838000 	C:\Windows\System32\combase.dll
0x00007ffe37a40000 - 0x00007ffe37b35000 	C:\Windows\System32\ucrtbase.dll
0x00007ffe37b90000 - 0x00007ffe37bfa000 	C:\Windows\System32\bcryptPrimitives.dll
0x00007ffe3a970000 - 0x00007ffe3a99e000 	C:\Windows\System32\IMM32.DLL
0x00000000680b0000 - 0x0000000068182000 	C:\Program Files\Java\jre1.8.0_111\bin\msvcr100.dll
0x00000000682d0000 - 0x0000000068b6a000 	C:\Program Files\Java\jre1.8.0_111\bin\server\jvm.dll
0x00007ffe3ad60000 - 0x00007ffe3ad68000 	C:\Windows\System32\PSAPI.DLL
0x00007ffe2b030000 - 0x00007ffe2b039000 	C:\Windows\SYSTEM32\WSOCK32.dll
0x00007ffe3a4b0000 - 0x00007ffe3a51a000 	C:\Windows\System32\WS2_32.dll
0x00007ffe35400000 - 0x00007ffe35423000 	C:\Windows\SYSTEM32\WINMM.dll
0x00007ffe335e0000 - 0x00007ffe335ea000 	C:\Windows\SYSTEM32\VERSION.dll
0x00007ffe353a0000 - 0x00007ffe353cb000 	C:\Windows\SYSTEM32\WINMMBASE.dll
0x00007ffe37b40000 - 0x00007ffe37b82000 	C:\Windows\System32\cfgmgr32.dll
0x00000000690e0000 - 0x00000000690ef000 	C:\Program Files\Java\jre1.8.0_111\bin\verify.dll
0x00000000682a0000 - 0x00000000682c9000 	C:\Program Files\Java\jre1.8.0_111\bin\java.dll
0x00000000690c0000 - 0x00000000690d6000 	C:\Program Files\Java\jre1.8.0_111\bin\zip.dll
0x00007ffe38b20000 - 0x00007ffe3a028000 	C:\Windows\System32\SHELL32.dll
0x00007ffe37300000 - 0x00007ffe379da000 	C:\Windows\System32\windows.storage.dll
0x00007ffe37200000 - 0x00007ffe3724c000 	C:\Windows\System32\powrprof.dll
0x00007ffe38300000 - 0x00007ffe38352000 	C:\Windows\System32\shlwapi.dll
0x00007ffe37250000 - 0x00007ffe3725f000 	C:\Windows\System32\kernel.appcore.dll
0x00007ffe38250000 - 0x00007ffe382f9000 	C:\Windows\System32\shcore.dll
0x00007ffe371d0000 - 0x00007ffe371e4000 	C:\Windows\System32\profapi.dll
0x0000000068280000 - 0x000000006829a000 	C:\Program Files\Java\jre1.8.0_111\bin\net.dll
0x00007ffe36aa0000 - 0x00007ffe36afc000 	C:\Windows\system32\mswsock.dll
0x0000000068260000 - 0x0000000068271000 	C:\Program Files\Java\jre1.8.0_111\bin\nio.dll
0x00007ffe0f850000 - 0x00007ffe0f8a8000 	C:\Users\adria\AppData\Local\Temp\lwjgladria\3.1.3-build-1\lwjgl.dll
0x00007ffe17a00000 - 0x00007ffe17a3d000 	C:\Users\adria\AppData\Local\Temp\lwjgladria\3.1.3-build-1\glfw.dll
0x00007ffe356d0000 - 0x00007ffe35765000 	C:\Windows\system32\uxtheme.dll
0x00007ffe07150000 - 0x00007ffe07190000 	C:\Windows\SYSTEM32\dinput8.dll
0x00007ffe2c660000 - 0x00007ffe2c66e000 	C:\Windows\SYSTEM32\xinput1_4.dll
0x00007ffe35ae0000 - 0x00007ffe35b08000 	C:\Windows\SYSTEM32\DEVOBJ.dll
0x00007ffe34fc0000 - 0x00007ffe34fe6000 	C:\Windows\SYSTEM32\dwmapi.dll
0x00007ffe3a1f0000 - 0x00007ffe3a34a000 	C:\Windows\System32\MSCTF.dll
0x00007ffe3a3f0000 - 0x00007ffe3a4af000 	C:\Windows\System32\OLEAUT32.dll
0x00007ffe37260000 - 0x00007ffe372fc000 	C:\Windows\System32\msvcp_win.dll
0x00007ffe35d90000 - 0x00007ffe35d9c000 	C:\Windows\SYSTEM32\HID.DLL
0x00007ffe3a540000 - 0x00007ffe3a969000 	C:\Windows\System32\SETUPAPI.DLL
0x00007ffe379e0000 - 0x00007ffe37a35000 	C:\Windows\System32\WINTRUST.dll
0x00007ffe371f0000 - 0x00007ffe37200000 	C:\Windows\System32\MSASN1.dll
0x00007ffe37fb0000 - 0x00007ffe38179000 	C:\Windows\System32\CRYPT32.dll
0x00007ffe03640000 - 0x00007ffe03763000 	C:\Windows\SYSTEM32\opengl32.dll
0x00007ffe1a2c0000 - 0x00007ffe1a2ed000 	C:\Windows\SYSTEM32\GLU32.dll
0x00007ffdfb3f0000 - 0x00007ffdfb4e7000 	C:\Windows\SYSTEM32\DDRAW.dll
0x00007ffe354a0000 - 0x00007ffe354a8000 	C:\Windows\SYSTEM32\DCIMAN32.dll
0x0000000065f60000 - 0x00000000680b0000 	C:\Windows\SYSTEM32\nvoglv64.DLL
0x00007ffe34970000 - 0x00007ffe34983000 	C:\Windows\SYSTEM32\WTSAPI32.dll
0x00007ffe36250000 - 0x00007ffe36282000 	C:\Windows\SYSTEM32\ntmarta.dll
0x00007ffe370b0000 - 0x00007ffe37106000 	C:\Windows\SYSTEM32\WINSTA.dll
0x00007ffe070f0000 - 0x00007ffe0714c000 	C:\Users\adria\AppData\Local\Temp\lwjgladria\3.1.3-build-1\lwjgl_opengl.dll
0x00007ffe38430000 - 0x00007ffe38568000 	C:\Windows\System32\ole32.dll
0x00007ffe38a20000 - 0x00007ffe38abf000 	C:\Windows\System32\clbcatq.dll
0x00007ffe2b910000 - 0x00007ffe2baa2000 	C:\Windows\SYSTEM32\dbghelp.dll

VM Arguments:
jvm_args: -Dfile.encoding=Cp1250 
java_command: game.Main
java_class_path (initial): H:\ok\ok\bin;H:\ok\ok\javalib\joml-1.9.3-20170212.221600-11.jar;H:\ok\ok\javalib\json-simple-1.1.jar;H:\ok\ok\javalib\lwjgl-glfw-natives-linux.jar;H:\ok\ok\javalib\lwjgl-glfw-natives-windows.jar;H:\ok\ok\javalib\lwjgl-glfw.jar;H:\ok\ok\javalib\lwjgl-natives-linux.jar;H:\ok\ok\javalib\lwjgl-natives-windows.jar;H:\ok\ok\javalib\lwjgl-opengl-natives-linux.jar;H:\ok\ok\javalib\lwjgl-opengl-natives-windows.jar;H:\ok\ok\javalib\lwjgl-opengl.jar;H:\ok\ok\javalib\lwjgl.jar;H:\ok\ok\javalib\PNGDecoder.jar
Launcher Type: SUN_STANDARD

Environment Variables:
PATH=C:/Program Files/Java/jre1.8.0_111/bin/server;C:/Program Files/Java/jre1.8.0_111/bin;C:/Program Files/Java/jre1.8.0_111/lib/amd64;C:\ProgramData\Oracle\Java\javapath;C:\Windows\system32;C:\Windows;C:\Windows\System32\Wbem;C:\Windows\System32\WindowsPowerShell\v1.0\;C:\Program Files (x86)\NVIDIA Corporation\PhysX\Common;C:\Users\adria\AppData\Local\Microsoft\WindowsApps;C:\adb;C:\Program Files (x86)\PuTTY\;C:\Program Files (x86)\Windows Kits\10\Windows Performance Toolkit\;C:\Program Files (x86)\Skype\Phone\;C:\Program Files (x86)\gnuplot\bin;C:\Windows\System32;
USERNAME=adria
OS=Windows_NT
PROCESSOR_IDENTIFIER=AMD64 Family 16 Model 4 Stepping 3, AuthenticAMD



---------------  S Y S T E M  ---------------

OS: Windows 10.0 , 64 bit Build 14393 (10.0.14393.1198)

CPU:total 4 (4 cores per cpu, 1 threads per core) family 16 model 4 stepping 3, cmov, cx8, fxsr, mmx, sse, sse2, sse3, popcnt, mmxext, 3dnowpref, lzcnt, sse4a, tsc, tscinvbit, tscinv

Memory: 4k page, physical 8385628k(4459684k free), swap 9696348k(4885640k free)

vm_info: Java HotSpot(TM) 64-Bit Server VM (25.111-b14) for windows-amd64 JRE (1.8.0_111-b14), built on Sep 22 2016 19:24:05 by "java_re" with MS VC++ 10.0 (VS2010)

time: Thu May 25 15:32:38 2017
elapsed time: 6 seconds (0d 0h 0m 6s)

